Base path: C:/Program Files (x86)/Unity/Editor/Data
Pipe name: \\.\pipe\UnityShaderCompiler-1-8324
Cmd: getPlatforms
Cmd: preprocess
  insize=1943 outsize=615 ok=1
Cmd: compileSnippet
  api=1 type=0 insize=1630 outsize=269 kw= ok=1
Cmd: compileSnippet
  api=1 type=1 insize=1630 outsize=674 kw= ok=1
Cmd: preprocess
  insize=2100 outsize=596 ok=1
Cmd: compileSnippet
  api=1 type=0 insize=1805 outsize=211 kw= ok=1
Cmd: compileSnippet
  api=1 type=1 insize=1805 outsize=576 kw= ok=1
Cmd: preprocess
  insize=1446 outsize=558 ok=1
Cmd: compileSnippet
  api=1 type=0 insize=1189 outsize=299 kw= ok=1
Cmd: compileSnippet
  api=1 type=1 insize=1189 outsize=286 kw= ok=1
Cmd: preprocess
  insize=8917 outsize=1153 ok=1
Cmd: compileSnippet
  api=1 type=0 insize=3505 outsize=204 kw= ok=1
Cmd: compileSnippet
  api=1 type=1 insize=3505 outsize=4188 kw= ok=1
Cmd: compileSnippet
  api=1 type=0 insize=3771 outsize=204 kw= ok=1
Cmd: compileSnippet
  api=1 type=1 insize=3771 outsize=6952 kw= ok=1
Cmd: compileSnippet
  api=1 type=0 insize=4275 outsize=204 kw= ok=1
Cmd: compileSnippet
  api=1 type=1 insize=4275 outsize=12477 kw= ok=1
Cmd: compileSnippet
  api=1 type=0 insize=4664 outsize=169 kw= ok=1
Cmd: compileSnippet
  api=1 type=1 insize=4664 outsize=1336 kw= ok=1
Cmd: compileSnippet
  api=1 type=0 insize=3501 outsize=249 kw= ok=1
Cmd: compileSnippet
  api=1 type=1 insize=3501 outsize=160 kw= ok=1
Cmd: preprocess
  insize=1699 outsize=647 ok=1
Cmd: compileSnippet
  api=1 type=0 insize=1354 outsize=297 kw= ok=1
Cmd: compileSnippet
  api=1 type=1 insize=1354 outsize=265 kw= ok=1
Cmd: preprocess
  insize=1662 outsize=609 ok=1
Cmd: compileSnippet
  api=1 type=0 insize=1355 outsize=269 kw= ok=1
Cmd: compileSnippet
  api=1 type=1 insize=1355 outsize=327 kw= ok=1
Cmd: preprocess
  insize=1215 outsize=451 ok=1
Cmd: compileSnippet
  api=1 type=0 insize=1066 outsize=137 kw= ok=1
Cmd: compileSnippet
  api=1 type=1 insize=1066 outsize=352 kw= ok=1
Cmd: preprocess
  insize=1486 outsize=523 ok=1
Cmd: compileSnippet
  api=1 type=0 insize=1265 outsize=245 kw= ok=1
Cmd: compileSnippet
  api=1 type=1 insize=1265 outsize=652 kw= ok=1
Cmd: preprocess
  insize=847 outsize=376 ok=1
Cmd: compileSnippet
  api=1 type=0 insize=773 outsize=211 kw= ok=1
Cmd: compileSnippet
  api=1 type=1 insize=773 outsize=188 kw= ok=1
Cmd: preprocess
  insize=695 outsize=469 ok=1
Cmd: compileSnippet
  api=1 type=0 insize=528 outsize=211 kw= ok=1
Cmd: compileSnippet
  api=1 type=1 insize=528 outsize=220 kw= ok=1
Cmd: preprocess
  insize=596 outsize=596 ok=1
Cmd: preprocess
  insize=833 outsize=426 ok=1
Cmd: compileSnippet
  api=1 type=0 insize=709 outsize=211 kw= ok=1
Cmd: compileSnippet
  api=1 type=1 insize=709 outsize=203 kw= ok=1
Cmd: preprocess
  error: 1 plat 12 at (100): Compiling shaders to OpenGL ES 2.0, Xbox 360, PS3, Flash or DX11 requires both vertex and fragment programs
  insize=2669 outsize=1484 ok=1
Cmd: compileSnippet
  api=1 type=0 insize=1301 outsize=542 kw= ok=1
Cmd: compileSnippet
  api=1 type=1 insize=1301 outsize=336 kw= ok=1
Cmd: compileSnippet
  api=1 type=0 insize=1134 outsize=542 kw= ok=1
Cmd: preprocess
  insize=459 outsize=459 ok=1
Cmd: preprocess
  insize=894 outsize=302 ok=1
Cmd: compileSnippet
  api=1 type=0 insize=894 outsize=132 kw= ok=1
Cmd: compileSnippet
  api=1 type=1 insize=894 outsize=262 kw= ok=1
Cmd: preprocess
  insize=1345 outsize=754 ok=1
Cmd: compileSnippet
  api=1 type=0 insize=893 outsize=237 kw= ok=1
Cmd: compileSnippet
  api=1 type=1 insize=893 outsize=136 kw= ok=1
Cmd: preprocess
  insize=634 outsize=634 ok=1
